<?xml version='1.0' encoding='UTF-8'?>
<testsuite hostname="DESKTOP-26NG0BF" name="simulations.CsvFeederSimulation" tests="1" errors="0" failures="0" skipped="0" time="7196.029" timestamp="2024-12-01T00:36:20">
          <properties>
      <property name="java.specification.version" value="18"/><property name="sun.cpu.isalist" value="amd64"/><property name="sun.jnu.encoding" value="Cp1252"/><property name="sun.arch.data.model" value="64"/><property name="java.vendor.url" value="https://java.oracle.com/"/><property name="sun.boot.library.path" value="C:\Program Files\Java\jdk-18.0.1.1\bin"/><property name="sun.java.command" value="xsbt.boot.Boot"/><property name="jdk.debug" value="release"/><property name="sun.stderr.encoding" value="cp437"/><property name="java.specification.vendor" value="Oracle Corporation"/><property name="java.version.date" value="2022-04-22"/><property name="java.home" value="C:\Program Files\Java\jdk-18.0.1.1"/><property name="file.separator" value="\"/><property name="java.vm.compressedOopsMode" value="32-bit"/><property name="line.separator" value="
"/><property name="sun.stdout.encoding" value="cp437"/><property name="java.vm.specification.vendor" value="Oracle Corporation"/><property name="java.specification.name" value="Java Platform API Specification"/><property name="user.script" value=""/><property name="sun.management.compiler" value="HotSpot 64-Bit Tiered Compilers"/><property name="java.runtime.version" value="18.0.1.1+2-6"/><property name="user.name" value="ABC"/><property name="log4j.ignoreTCL" value="true"/><property name="file.encoding" value="UTF-8"/><property name="jnidispatch.path" value="C:\Users\ABC\AppData\Local\Temp\jna-64578\jna5448472264419756676.dll"/><property name="jna.loaded" value="true"/><property name="java.io.tmpdir" value="C:\Users\ABC\AppData\Local\Temp\"/><property name="java.version" value="18.0.1.1"/><property name="java.vm.specification.name" value="Java Virtual Machine Specification"/><property name="sun.os.patch.level" value=""/><property name="native.encoding" value="Cp1252"/><property name="java.library.path" value="C:\Program Files\Java\jdk-18.0.1.1\bin;C:\WINDOWS\Sun\Java\bin;C:\WINDOWS\system32;C:\WINDOWS;C:\Program Files\Java\jdk-18.0.1.1\bin;C:\Program Files\Common Files\Oracle\Java\javapath;C:\Program Files (x86)\VMware\VMware Workstation\bin\;C:\WINDOWS\system32;C:\WINDOWS;C:\WINDOWS\System32\Wbem;C:\WINDOWS\System32\WindowsPowerShell\v1.0\;C:\WINDOWS\System32\OpenSSH\;C:\PROGRA~2\PICC;C:\Program Files\Git\cmd;C:\msys64\mingw64\bin;C:\Program Files\dotnet\;C:\Program Files\Cloudflare\Cloudflare WARP\;C:\Program Files\Docker\Docker\resources\bin;C:\Users\ABC\Desktop\Python root\Scripts\;C:\Users\ABC\Desktop\Python root\;C:\Users\ABC\AppData\Local\Microsoft\WindowsApps;C:\src\flutter\flutter\bin;C:\msys64\mingw64\bin;C:\MinGW64\bin;C:\Users\ABC\AppData\Local\Programs\Microsoft VS Code\bin;C:\msys64\mingw32\bin;C:\Program Files\CMake\bin;C:\Program Files\apache-maven-3.9.1\bin;C:\Program Files\Java\jdk-18.0.1.1\bin;;C:\Users\ABC\AppData\Local\Coursier\data\bin;."/><property name="java.vendor" value="Oracle Corporation"/><property name="scala.ext.dirs" value="C:\Users\ABC\.sbt\1.0\java9-rt-ext-oracle_corporation_18_0_1_1"/><property name="sun.io.unicode.encoding" value="UnicodeLittle"/><property name="java.class.path" value="C:\Users\ABC\AppData\Local\Coursier\cache\arc\https\github.com\sbt\sbt\releases\download\v1.9.3\sbt-1.9.3.zip\sbt\bin\sbt-launch.jar"/><property name="java.vm.vendor" value="Oracle Corporation"/><property name="user.variant" value=""/><property name="jline.shutdownhook" value="false"/><property name="user.timezone" value="Asia/Tokyo"/><property name="java.vm.specification.version" value="18"/><property name="os.name" value="Windows 10"/><property name="sun.java.launcher" value="SUN_STANDARD"/><property name="user.country" value="US"/><property name="sun.cpu.endian" value="little"/><property name="user.home" value="C:\Users\ABC"/><property name="user.language" value="en"/><property name="sbt.ipcsocket.tmpdir" value="C:\Users\ABC\AppData\Local\Temp\.sbtd033a107\ipcsocket"/><property name="swoval.tmpdir" value="C:\Users\ABC\AppData\Local\Temp\.sbtd033a107\swoval"/><property name="jline.esc.timeout" value="0"/><property name="path.separator" value=";"/><property name="os.version" value="10.0"/><property name="jna.nosys" value="true"/><property name="java.runtime.name" value="Java(TM) SE Runtime Environment"/><property name="java.vm.name" value="Java HotSpot(TM) 64-Bit Server VM"/><property name="java.vendor.url.bug" value="https://bugreport.java.com/bugreport/"/><property name="user.dir" value="C:\Users\ABC\Desktop\gatling"/><property name="os.arch" value="amd64"/><property name="java.vm.info" value="mixed mode, sharing"/><property name="java.vm.version" value="18.0.1.1+2-6"/><property name="java.class.version" value="62.0"/>
    </properties>
          <testcase classname="simulations.CsvFeederSimulation" name="" time="7196.029">
                      
                    </testcase>
          <system-out><![CDATA[]]></system-out>
          <system-err><![CDATA[]]></system-err>
        </testsuite>